<?xml version="1.0" encoding="UTF-8"?>
<!-- Generated by org.testng.reporters.JUnitReportReporter -->
<testsuite skipped="0" hostname="DESKTOP-8QTLCQR" name="sameple.com.TestDemo.EndTests" tests="5" failures="0" timestamp="18 Mar 2021 11:42:22 GMT" time="6.232" errors="0">
  <testcase name="RemoveCart" time="0.975" classname="sameple.com.TestDemo.EndTests"/>
  <testcase name="LockUserTest" time="0.608" classname="sameple.com.TestDemo.EndTests"/>
  <testcase name="LogoutTest" time="0.817" classname="sameple.com.TestDemo.EndTests"/>
  <testcase name="LoginTest" time="0.692" classname="sameple.com.TestDemo.EndTests"/>
  <testcase name="CartTest" time="3.140" classname="sameple.com.TestDemo.EndTests"/>
</testsuite> <!-- sameple.com.TestDemo.EndTests -->
